<?xml version="1.0" encoding="UTF-8" standalone="no"?>
<!DOCTYPE log SYSTEM "logger.dtd">
<log>
<record>
  <date>2016-04-13T15:56:35</date>
  <millis>1460559395567</millis>
  <sequence>2</sequence>
  <logger>org.irenical.ist.cnv.cloudprime.stats.Metric</logger>
  <level>INFO</level>
  <class>org.irenical.ist.cnv.cloudprime.stats.Metric</class>
  <method>start</method>
  <thread>16</thread>
  <message>Factoring: 1337 (1/15 active threads)</message>
</record>
<record>
  <date>2016-04-13T15:56:35</date>
  <millis>1460559395571</millis>
  <sequence>3</sequence>
  <logger>org.irenical.ist.cnv.cloudprime.stats.Metric</logger>
  <level>INFO</level>
  <class>org.irenical.ist.cnv.cloudprime.stats.Metric</class>
  <method>end</method>
  <thread>16</thread>
  <message>Factorization of: 1337 took 3110 instructions and 4 methods</message>
</record>
<record>
  <date>2016-04-13T15:58:27</date>
  <millis>1460559507792</millis>
  <sequence>4</sequence>
  <logger>org.irenical.ist.cnv.cloudprime.stats.Metric</logger>
  <level>INFO</level>
  <class>org.irenical.ist.cnv.cloudprime.stats.Metric</class>
  <method>start</method>
  <thread>23</thread>
  <message>Factoring: 1337 (1/15 active threads)</message>
</record>
<record>
  <date>2016-04-13T15:58:27</date>
  <millis>1460559507804</millis>
  <sequence>5</sequence>
  <logger>org.irenical.ist.cnv.cloudprime.stats.Metric</logger>
  <level>INFO</level>
  <class>org.irenical.ist.cnv.cloudprime.stats.Metric</class>
  <method>end</method>
  <thread>23</thread>
  <message>Factorization of: 1337 took 3110 instructions and 4 methods</message>
</record>
<record>
  <date>2016-04-13T15:58:30</date>
  <millis>1460559510725</millis>
  <sequence>6</sequence>
  <logger>org.irenical.ist.cnv.cloudprime.stats.Metric</logger>
  <level>INFO</level>
  <class>org.irenical.ist.cnv.cloudprime.stats.Metric</class>
  <method>start</method>
  <thread>16</thread>
  <message>Factoring: 1337 (1/15 active threads)</message>
</record>
<record>
  <date>2016-04-13T15:58:30</date>
  <millis>1460559510727</millis>
  <sequence>7</sequence>
  <logger>org.irenical.ist.cnv.cloudprime.stats.Metric</logger>
  <level>INFO</level>
  <class>org.irenical.ist.cnv.cloudprime.stats.Metric</class>
  <method>end</method>
  <thread>16</thread>
  <message>Factorization of: 1337 took 3110 instructions and 4 methods</message>
</record>
<record>
  <date>2016-04-13T15:58:34</date>
  <millis>1460559514297</millis>
  <sequence>8</sequence>
  <logger>org.irenical.ist.cnv.cloudprime.stats.Metric</logger>
  <level>INFO</level>
  <class>org.irenical.ist.cnv.cloudprime.stats.Metric</class>
  <method>start</method>
  <thread>17</thread>
  <message>Factoring: 1 (1/15 active threads)</message>
</record>
<record>
  <date>2016-04-13T15:58:34</date>
  <millis>1460559514301</millis>
  <sequence>9</sequence>
  <logger>org.irenical.ist.cnv.cloudprime.stats.Metric</logger>
  <level>INFO</level>
  <class>org.irenical.ist.cnv.cloudprime.stats.Metric</class>
  <method>end</method>
  <thread>17</thread>
  <message>Factorization of: 1 took 34 instructions and 2 methods</message>
</record>
</log>
